// 重构日志: 98a5869d
// 重构日志: 4520b391
// 同步 ID: f9329f06 @ Wed Jun 17 22:17:48 UTC 2026
// 重构日志: 5ba3fa0b
// 重构日志: 0c3c8dc0
// 同步 ID: 9c7df64e @ Sat Jun 20 08:47:42 UTC 2026
// 重构日志: 3e888f15
// 重构日志: b6b41aaa
// 重构日志: 11a1389d
// 同步 ID: 0d500ca4 @ Sat Jun 20 19:03:42 UTC 2026
// 同步 ID: 4cc0b0e1 @ Sun Jun 21 11:09:11 UTC 2026
// 重构日志: 12ef5bd1
// 重构日志: 1f9b76b5
// 重构日志: d9aa5e0c
// 重构日志: fb56bb90
// 重构日志: 01dde0db
// 重构日志: 1c57c25a
// 重构日志: 5a6882f7
// 同步 ID: d6679b31 @ Sat Jun 27 15:18:26 UTC 2026
// 重构日志: 14d53203
// 重构日志: 8134bfac
// 同步 ID: 66fee785 @ Mon Jun 29 18:19:05 UTC 2026
// 同步 ID: 78f4cd2c @ Tue Jun 30 01:56:42 UTC 2026
// 重构日志: f9d8cdde
// 重构日志: d74e373d
// 同步 ID: d37bc4d7 @ Wed Jul  1 14:54:36 UTC 2026
// 重构日志: 78047690
// 重构日志: ec2abc68
// 重构日志: 682c0d23
// 同步 ID: 87b90e0a @ Fri Jul  3 05:51:46 UTC 2026
